<?xml version="1.0" encoding="UTF-8"?>
<!-- Generated by org.testng.reporters.JUnitReportReporter -->
<testsuite hostname="LAPTOP-GS6TVVE1" failures="0" tests="1" name="monica.selenium_GIT_genkins" time="5.364" errors="0" timestamp="2020-06-28T15:05:12 IST" skipped="0">
  <testcase classname="monica.selenium_GIT_genkins" name="f" time="5.364"/>
  <system-out/>
</testsuite> <!-- monica.selenium_GIT_genkins -->
